<?xml version="1.0" encoding="UTF-8"?>
<testsuite xmlns:xsi="http://www.w3.org/2001/XMLSchema-instance" xsi:schemaLocation="https://maven.apache.org/surefire/maven-surefire-plugin/xsd/surefire-test-report.xsd" name="hu.unideb.inf.viewtest.FXMLCarsSceneController1Test" time="0.198" tests="31" errors="0" skipped="0" failures="0">
  <properties>
    <property name="java.runtime.name" value="Java(TM) SE Runtime Environment"/>
    <property name="java.vm.version" value="13.0.2+8"/>
    <property name="sun.boot.library.path" value="C:\Program Files\Java\jdk-13.0.2\bin"/>
    <property name="maven.multiModuleProjectDirectory" value="C:\Users\kodis\NetBeansProjects\JavaFX11"/>
    <property name="java.vm.vendor" value="Oracle Corporation"/>
    <property name="java.vendor.url" value="https://java.oracle.com/"/>
    <property name="guice.disable.misplaced.annotation.check" value="true"/>
    <property name="path.separator" value=";"/>
    <property name="java.vm.name" value="Java HotSpot(TM) 64-Bit Server VM"/>
    <property name="sun.os.patch.level" value=""/>
    <property name="user.script" value=""/>
    <property name="user.country" value="HU"/>
    <property name="sun.java.launcher" value="SUN_STANDARD"/>
    <property name="test" value="hu.unideb.inf.viewtest.FXMLCarsSceneController1Test"/>
    <property name="java.vm.specification.name" value="Java Virtual Machine Specification"/>
    <property name="user.dir" value="C:\Users\kodis\NetBeansProjects\JavaFX11"/>
    <property name="java.vm.compressedOopsMode" value="Zero based"/>
    <property name="java.runtime.version" value="13.0.2+8"/>
    <property name="os.arch" value="amd64"/>
    <property name="java.io.tmpdir" value="C:\Users\kodis\AppData\Local\Temp\"/>
    <property name="line.separator" value="&#10;"/>
    <property name="java.vm.specification.vendor" value="Oracle Corporation"/>
    <property name="user.variant" value=""/>
    <property name="os.name" value="Windows 10"/>
    <property name="maven.ext.class.path" value="C:\Program Files\NetBeans-11.3\netbeans\java\maven-nblib\netbeans-eventspy.jar"/>
    <property name="classworlds.conf" value="C:\Program Files\NetBeans-11.3\netbeans\java\maven\bin\m2.conf"/>
    <property name="sun.jnu.encoding" value="Cp1250"/>
    <property name="java.library.path" value="C:\Program Files\Java\jdk-13.0.2\bin;C:\WINDOWS\Sun\Java\bin;C:\WINDOWS\system32;C:\WINDOWS;C:\WINDOWS\system32;C:\WINDOWS;C:\WINDOWS\System32\Wbem;C:\WINDOWS\System32\WindowsPowerShell\v1.0\;C:\WINDOWS\System32\OpenSSH\;C:\Program Files (x86)\NVIDIA Corporation\PhysX\Common;C:\Program Files\NVIDIA Corporation\NVIDIA NvDLISR;C:\Program Files\dotnet\;C:\Program Files\PuTTY\;C:\Program Files\Microsoft SQL Server\130\Tools\Binn\;C:\Program Files\Microsoft SQL Server\Client SDK\ODBC\170\Tools\Binn\;C:\Program Files\Microsoft VS Code\bin;C:\Users\kodis\AppData\Local\Microsoft\WindowsApps;;."/>
    <property name="jdk.debug" value="release"/>
    <property name="java.class.version" value="57.0"/>
    <property name="java.specification.name" value="Java Platform API Specification"/>
    <property name="sun.management.compiler" value="HotSpot 64-Bit Tiered Compilers"/>
    <property name="os.version" value="10.0"/>
    <property name="user.home" value="C:\Users\kodis"/>
    <property name="user.timezone" value="Europe/Budapest"/>
    <property name="file.encoding" value="UTF-8"/>
    <property name="java.specification.version" value="13"/>
    <property name="user.name" value="kodis"/>
    <property name="java.class.path" value="C:\Program Files\NetBeans-11.3\netbeans\java\maven\boot\plexus-classworlds-2.5.2.jar"/>
    <property name="java.vm.specification.version" value="13"/>
    <property name="sun.arch.data.model" value="64"/>
    <property name="sun.java.command" value="org.codehaus.plexus.classworlds.launcher.Launcher -Dtest=hu.unideb.inf.viewtest.FXMLCarsSceneController1Test -Dmaven.ext.class.path=C:\Program Files\NetBeans-11.3\netbeans\java\maven-nblib\netbeans-eventspy.jar -Dfile.encoding=UTF-8 test-compile surefire:test"/>
    <property name="java.home" value="C:\Program Files\Java\jdk-13.0.2"/>
    <property name="user.language" value="hu"/>
    <property name="java.specification.vendor" value="Oracle Corporation"/>
    <property name="java.vm.info" value="mixed mode, sharing"/>
    <property name="java.version" value="13.0.2"/>
    <property name="java.vendor" value="Oracle Corporation"/>
    <property name="maven.home" value="C:\Program Files\NetBeans-11.3\netbeans\java\maven"/>
    <property name="file.separator" value="\"/>
    <property name="java.version.date" value="2020-01-14"/>
    <property name="java.vendor.url.bug" value="https://bugreport.java.com/bugreport/"/>
    <property name="sun.io.unicode.encoding" value="UnicodeLittle"/>
    <property name="sun.cpu.endian" value="little"/>
    <property name="sun.cpu.isalist" value="amd64"/>
  </properties>
  <testcase name="testIsOnlyDig{String, boolean}[1]" classname="hu.unideb.inf.viewtest.FXMLCarsSceneController1Test" time="0.033"/>
  <testcase name="testIsOnlyDig{String, boolean}[2]" classname="hu.unideb.inf.viewtest.FXMLCarsSceneController1Test" time="0.002"/>
  <testcase name="testIsOnlyDig{String, boolean}[3]" classname="hu.unideb.inf.viewtest.FXMLCarsSceneController1Test" time="0.006"/>
  <testcase name="testIsOnlyDig{String, boolean}[4]" classname="hu.unideb.inf.viewtest.FXMLCarsSceneController1Test" time="0.001"/>
  <testcase name="testIsDig{String, boolean}[1]" classname="hu.unideb.inf.viewtest.FXMLCarsSceneController1Test" time="0.001"/>
  <testcase name="testIsDig{String, boolean}[2]" classname="hu.unideb.inf.viewtest.FXMLCarsSceneController1Test" time="0.001"/>
  <testcase name="testIsDig{String, boolean}[3]" classname="hu.unideb.inf.viewtest.FXMLCarsSceneController1Test" time="0.001"/>
  <testcase name="testIsDig{String, boolean}[4]" classname="hu.unideb.inf.viewtest.FXMLCarsSceneController1Test" time="0.001"/>
  <testcase name="testIsDig{String, boolean}[5]" classname="hu.unideb.inf.viewtest.FXMLCarsSceneController1Test" time="0"/>
  <testcase name="testIsLet{String, boolean}[1]" classname="hu.unideb.inf.viewtest.FXMLCarsSceneController1Test" time="0.002"/>
  <testcase name="testIsLet{String, boolean}[2]" classname="hu.unideb.inf.viewtest.FXMLCarsSceneController1Test" time="0.001"/>
  <testcase name="testIsLet{String, boolean}[3]" classname="hu.unideb.inf.viewtest.FXMLCarsSceneController1Test" time="0"/>
  <testcase name="testIsLet{String, boolean}[4]" classname="hu.unideb.inf.viewtest.FXMLCarsSceneController1Test" time="0.001"/>
  <testcase name="testBadDateFormatum{String, boolean}[1]" classname="hu.unideb.inf.viewtest.FXMLCarsSceneController1Test" time="0.001"/>
  <testcase name="testBadDateFormatum{String, boolean}[2]" classname="hu.unideb.inf.viewtest.FXMLCarsSceneController1Test" time="0.001"/>
  <testcase name="testBadDateFormatum{String, boolean}[3]" classname="hu.unideb.inf.viewtest.FXMLCarsSceneController1Test" time="0.002"/>
  <testcase name="testBadDateFormatum{String, boolean}[4]" classname="hu.unideb.inf.viewtest.FXMLCarsSceneController1Test" time="0"/>
  <testcase name="testIsHandleUploadButtonPushed{String, boolean}[1]" classname="hu.unideb.inf.viewtest.FXMLCarsSceneController1Test" time="0.006"/>
  <testcase name="testIsHandleUploadButtonPushed{String, boolean}[2]" classname="hu.unideb.inf.viewtest.FXMLCarsSceneController1Test" time="0.001"/>
  <testcase name="testIsHandleUploadButtonPushed{String, boolean}[3]" classname="hu.unideb.inf.viewtest.FXMLCarsSceneController1Test" time="0.001"/>
  <testcase name="testIsHandleUploadButtonPushed{String, boolean}[4]" classname="hu.unideb.inf.viewtest.FXMLCarsSceneController1Test" time="0.001"/>
  <testcase name="testIsHandleUploadButtonPushed{String, boolean}[5]" classname="hu.unideb.inf.viewtest.FXMLCarsSceneController1Test" time="0.001"/>
  <testcase name="testSetPriceValue{String}[1]" classname="hu.unideb.inf.viewtest.FXMLCarsSceneController1Test" time="0.001"/>
  <testcase name="testSetPriceValue{String}[2]" classname="hu.unideb.inf.viewtest.FXMLCarsSceneController1Test" time="0.001"/>
  <testcase name="testSetPriceValue{String}[3]" classname="hu.unideb.inf.viewtest.FXMLCarsSceneController1Test" time="0.002"/>
  <testcase name="testSetPriceValue{String}[4]" classname="hu.unideb.inf.viewtest.FXMLCarsSceneController1Test" time="0"/>
  <testcase name="testIsSpecialChars{String, boolean}[1]" classname="hu.unideb.inf.viewtest.FXMLCarsSceneController1Test" time="0"/>
  <testcase name="testIsSpecialChars{String, boolean}[2]" classname="hu.unideb.inf.viewtest.FXMLCarsSceneController1Test" time="0.001"/>
  <testcase name="testIsSpecialChars{String, boolean}[3]" classname="hu.unideb.inf.viewtest.FXMLCarsSceneController1Test" time="0.001"/>
  <testcase name="testIsSpecialChars{String, boolean}[4]" classname="hu.unideb.inf.viewtest.FXMLCarsSceneController1Test" time="0.001"/>
  <testcase name="testIsSpecialChars{String, boolean}[5]" classname="hu.unideb.inf.viewtest.FXMLCarsSceneController1Test" time="0.001"/>
</testsuite>